Starting urban-shadow-analysis pipeline
  Command   : shadow
  Tile size : all
  Datetime  : 2026-06-21T12:00:00
  Node      : ant1
  Job ID    : 1646929
  Time      : 2026-07-10 20:06 UTC
Shadow casting for 2026-06-21 12:00 UTC

--- ovgu_bbox @ 100m: 90 tile(s) ---
  ovgu_bbox_tile_0_0: shadow=5.2% — 1.9s
  ovgu_bbox_tile_0_1: shadow=9.0% — 1.0s
  ovgu_bbox_tile_0_2: shadow=12.2% — 1.1s
  ovgu_bbox_tile_0_3: shadow=8.2% — 1.1s
  ovgu_bbox_tile_0_4: shadow=11.7% — 1.2s
  ovgu_bbox_tile_0_5: shadow=15.1% — 1.1s
  ovgu_bbox_tile_0_6: shadow=6.6% — 0.9s
  ovgu_bbox_tile_0_7: shadow=2.1% — 0.9s
  ovgu_bbox_tile_0_8: shadow=8.2% — 1.1s
  ovgu_bbox_tile_0_9: shadow=0.0% — 0.6s
  ovgu_bbox_tile_1_0: shadow=26.4% — 1.1s
  ovgu_bbox_tile_1_1: shadow=14.0% — 1.1s
  ovgu_bbox_tile_1_2: shadow=5.2% — 1.0s
  ovgu_bbox_tile_1_3: shadow=3.7% — 1.0s
  ovgu_bbox_tile_1_4: shadow=22.6% — 1.1s
  ovgu_bbox_tile_1_5: shadow=20.7% — 1.1s
  ovgu_bbox_tile_1_6: shadow=6.4% — 1.0s
  ovgu_bbox_tile_1_7: shadow=7.4% — 1.0s
  ovgu_bbox_tile_1_8: shadow=11.8% — 1.1s
  ovgu_bbox_tile_1_9: shadow=0.0% — 0.5s
  ovgu_bbox_tile_2_0: shadow=22.9% — 1.1s
  ovgu_bbox_tile_2_1: shadow=27.4% — 1.1s
  ovgu_bbox_tile_2_2: shadow=8.5% — 1.1s
  ovgu_bbox_tile_2_3: shadow=5.5% — 1.0s
  ovgu_bbox_tile_2_4: shadow=29.2% — 1.2s
  ovgu_bbox_tile_2_5: shadow=31.7% — 1.1s
  ovgu_bbox_tile_2_6: shadow=20.4% — 1.0s
  ovgu_bbox_tile_2_7: shadow=6.5% — 1.0s
  ovgu_bbox_tile_2_8: shadow=10.0% — 1.1s
  ovgu_bbox_tile_2_9: shadow=0.0% — 0.5s
  ovgu_bbox_tile_3_0: shadow=13.1% — 1.1s
  ovgu_bbox_tile_3_1: shadow=7.7% — 0.9s
  ovgu_bbox_tile_3_2: shadow=9.2% — 1.1s
  ovgu_bbox_tile_3_3: shadow=9.5% — 1.1s
  ovgu_bbox_tile_3_4: shadow=28.6% — 1.2s
  ovgu_bbox_tile_3_5: shadow=28.4% — 1.2s
  ovgu_bbox_tile_3_6: shadow=29.5% — 1.1s
  ovgu_bbox_tile_3_7: shadow=16.9% — 1.2s
  ovgu_bbox_tile_3_8: shadow=9.7% — 1.1s
  ovgu_bbox_tile_3_9: shadow=0.0% — 0.5s
  ovgu_bbox_tile_4_0: shadow=12.0% — 1.0s
  ovgu_bbox_tile_4_1: shadow=11.3% — 1.1s
  ovgu_bbox_tile_4_2: shadow=9.3% — 1.1s
  ovgu_bbox_tile_4_3: shadow=6.0% — 1.0s
  ovgu_bbox_tile_4_4: shadow=22.4% — 1.1s
  ovgu_bbox_tile_4_5: shadow=20.6% — 1.1s
  ovgu_bbox_tile_4_6: shadow=29.1% — 1.4s
  ovgu_bbox_tile_4_7: shadow=10.2% — 1.1s
  ovgu_bbox_tile_4_8: shadow=17.0% — 1.1s
  ovgu_bbox_tile_4_9: shadow=0.0% — 0.5s
  ovgu_bbox_tile_5_0: shadow=21.1% — 1.1s
  ovgu_bbox_tile_5_1: shadow=7.0% — 1.0s
  ovgu_bbox_tile_5_2: shadow=4.1% — 0.9s
  ovgu_bbox_tile_5_3: shadow=5.8% — 1.0s
  ovgu_bbox_tile_5_4: shadow=12.0% — 1.1s
  ovgu_bbox_tile_5_5: shadow=13.8% — 1.0s
  ovgu_bbox_tile_5_6: shadow=8.4% — 1.0s
  ovgu_bbox_tile_5_7: shadow=4.4% — 0.9s
  ovgu_bbox_tile_5_8: shadow=13.2% — 1.3s
  ovgu_bbox_tile_5_9: shadow=0.0% — 0.5s
  ovgu_bbox_tile_6_0: shadow=5.8% — 1.1s
  ovgu_bbox_tile_6_1: shadow=10.5% — 1.1s
  ovgu_bbox_tile_6_2: shadow=10.0% — 1.0s
  ovgu_bbox_tile_6_3: shadow=13.3% — 1.1s
  ovgu_bbox_tile_6_4: shadow=8.7% — 1.0s
  ovgu_bbox_tile_6_5: shadow=2.5% — 0.9s
  ovgu_bbox_tile_6_6: shadow=4.2% — 0.9s
  ovgu_bbox_tile_6_7: shadow=5.5% — 0.9s
  ovgu_bbox_tile_6_8: shadow=12.4% — 1.1s
  ovgu_bbox_tile_6_9: shadow=0.0% — 0.5s
  ovgu_bbox_tile_7_0: shadow=15.5% — 1.4s
  ovgu_bbox_tile_7_1: shadow=7.2% — 1.1s
  ovgu_bbox_tile_7_2: shadow=12.7% — 1.0s
  ovgu_bbox_tile_7_3: shadow=3.9% — 1.1s
  ovgu_bbox_tile_7_4: shadow=6.8% — 1.1s
  ovgu_bbox_tile_7_5: shadow=3.5% — 0.8s
  ovgu_bbox_tile_7_6: shadow=1.4% — 0.9s
  ovgu_bbox_tile_7_7: shadow=11.5% — 1.0s
  ovgu_bbox_tile_7_8: shadow=3.9% — 0.9s
  ovgu_bbox_tile_7_9: shadow=0.0% — 0.5s
  ovgu_bbox_tile_8_0: shadow=3.6% — 0.8s
  ovgu_bbox_tile_8_1: shadow=7.9% — 0.8s
  ovgu_bbox_tile_8_2: shadow=5.0% — 0.7s
  ovgu_bbox_tile_8_3: shadow=4.0% — 0.8s
  ovgu_bbox_tile_8_4: shadow=5.4% — 0.8s
  ovgu_bbox_tile_8_5: shadow=4.8% — 0.8s
  ovgu_bbox_tile_8_6: shadow=3.5% — 0.7s
  ovgu_bbox_tile_8_7: shadow=9.2% — 0.7s
  ovgu_bbox_tile_8_8: shadow=9.0% — 0.8s
  ovgu_bbox_tile_8_9: shadow=0.0% — 0.4s
  Timing [100m]: 90 tile(s) in 88.3s — avg 1.0s/tile
  merged → ovgu_bbox_tcd_segformer_shadow_merged.fgb

--- ovgu_bbox @ 250m: 16 tile(s) ---
  ovgu_bbox_tile_0_0: shadow=14.9% — 1.7s
  ovgu_bbox_tile_0_1: shadow=8.5% — 1.8s
  ovgu_bbox_tile_0_2: shadow=10.9% — 1.7s
  ovgu_bbox_tile_0_3: shadow=7.7% — 1.5s
  ovgu_bbox_tile_1_0: shadow=10.5% — 1.8s
  ovgu_bbox_tile_1_1: shadow=12.8% — 1.9s
  ovgu_bbox_tile_1_2: shadow=17.1% — 1.9s
  ovgu_bbox_tile_1_3: shadow=8.3% — 1.5s
  ovgu_bbox_tile_2_0: shadow=10.1% — 2.0s
  ovgu_bbox_tile_2_1: shadow=8.5% — 1.7s
  ovgu_bbox_tile_2_2: shadow=5.9% — 1.6s
  ovgu_bbox_tile_2_3: shadow=7.8% — 1.7s
  ovgu_bbox_tile_3_0: shadow=8.5% — 1.3s
  ovgu_bbox_tile_3_1: shadow=6.6% — 1.2s
  ovgu_bbox_tile_3_2: shadow=2.0% — 1.1s
  ovgu_bbox_tile_3_3: shadow=7.9% — 1.2s
  Timing [250m]: 16 tile(s) in 25.4s — avg 1.6s/tile
  merged → ovgu_bbox_tcd_segformer_shadow_merged.fgb

--- ovgu_bbox @ 500m: 4 tile(s) ---
  ovgu_bbox_tile_0_0: shadow=10.2% — 1.9s
  ovgu_bbox_tile_0_1: shadow=10.6% — 1.8s
  ovgu_bbox_tile_1_0: shadow=8.8% — 2.0s
  ovgu_bbox_tile_1_1: shadow=6.0% — 1.7s
  Timing [500m]: 4 tile(s) in 7.4s — avg 1.8s/tile
  merged → ovgu_bbox_tcd_segformer_shadow_merged.fgb

--- ovgu_bbox @ 1000m: 1 tile(s) ---
  ovgu_bbox_tile_0_0: shadow=8.3% — 1.8s
  Timing [1000m]: 1 tile(s) in 1.8s — avg 1.8s/tile
  merged → ovgu_bbox_tcd_segformer_shadow_merged.fgb
Done: 2026-07-10 20:08 UTC
